{"name": "проверка перехода к восстановлению посл нескольких неудачных попыток авторизации", "status": "broken", "statusDetails": {"message": "selenium.common.exceptions.NoSuchWindowException: Message: no such window: target window already closed\nfrom unknown error: web view not found\n  (Session info: chrome=143.0.7499.193)\nStacktrace:\n0   chromedriver                        0x0000000102d5bdfc cxxbridge1$str$ptr + 3031016\n1   chromedriver                        0x0000000102d53cb8 cxxbridge1$str$ptr + 2997924\n2   chromedriver                        0x000000010284eb90 _RNvCsgXDX2mvAJAg_7___rustc35___rust_no_alloc_shim_is_unstable_v2 + 74192\n3   chromedriver                        0x0000000102828948 chromedriver + 149832\n4   chromedriver                        0x00000001028bdb38 _RNvCsgXDX2mvAJAg_7___rustc35___rust_no_alloc_shim_is_unstable_v2 + 528760\n5   chromedriver                        0x00000001028d658c _RNvCsgXDX2mvAJAg_7___rustc35___rust_no_alloc_shim_is_unstable_v2 + 629708\n6   chromedriver                        0x000000010288a22c _RNvCsgXDX2mvAJAg_7___rustc35___rust_no_alloc_shim_is_unstable_v2 + 317548\n7   chromedriver                        0x0000000102d20194 cxxbridge1$str$ptr + 2786176\n8   chromedriver                        0x0000000102d23900 cxxbridge1$str$ptr + 2800364\n9   chromedriver                        0x0000000102d0042c cxxbridge1$str$ptr + 2655768\n10  chromedriver                        0x0000000102d24170 cxxbridge1$str$ptr + 2802524\n11  chromedriver                        0x0000000102cf0e10 cxxbridge1$str$ptr + 2592764\n12  chromedriver                        0x0000000102d4314c cxxbridge1$str$ptr + 2929464\n13  chromedriver                        0x0000000102d432cc cxxbridge1$str$ptr + 2929848\n14  chromedriver                        0x0000000102d53910 cxxbridge1$str$ptr + 2996988\n15  libsystem_pthread.dylib             0x0000000189936f94 _pthread_start + 136\n16  libsystem_pthread.dylib             0x0000000189931d34 thread_start + 8", "trace": "browser = <selenium.webdriver.chrome.webdriver.WebDriver (session=\"b0765765788bf969c7d3793597faaac0\")>\n\n    @allure.step('Проверка восстановления пользователя')\n    @allure.title('проверка перехода к восстановлению посл нескольких неудачных попыток авторизации')\n    def test_go_to_recovery_page_after_many_fails(browser):\n        BasePage(browser).get_url(BASE_URL)\n>       LoginPage = LoginPageHelper(browser)\n                    ^^^^^^^^^^^^^^^^^^^^^^^^\n\ntests/test_recovery.py:16: \n_ _ _ _ _ _ _ _ _ _ _ _ _ _ _ _ _ _ _ _ _ _ _ _ _ _ _ _ _ _ _ _ _ _ _ _ _ _ _ _ \npages/LoginPage.py:30: in __init__\n    self.check_page()\npages/LoginPage.py:34: in check_page\n    self.find_element(LoginPageLocators.LOGIN_FIELD)\npages/BasePage.py:11: in find_element\n    return WebDriverWait(self.driver,time).until(expected_conditions.visibility_of_element_located(locator),message=f'не удалось найти локатор {locator}')\n           ^^^^^^^^^^^^^^^^^^^^^^^^^^^^^^^^^^^^^^^^^^^^^^^^^^^^^^^^^^^^^^^^^^^^^^^^^^^^^^^^^^^^^^^^^^^^^^^^^^^^^^^^^^^^^^^^^^^^^^^^^^^^^^^^^^^^^^^^^^^^^^^\n.venv/lib/python3.11/site-packages/selenium/webdriver/support/wait.py:113: in until\n    value = method(self._driver)\n            ^^^^^^^^^^^^^^^^^^^^\n.venv/lib/python3.11/site-packages/selenium/webdriver/support/expected_conditions.py:184: in _predicate\n    return _element_if_visible(driver.find_element(*locator))\n                               ^^^^^^^^^^^^^^^^^^^^^^^^^^^^^\n.venv/lib/python3.11/site-packages/selenium/webdriver/remote/webdriver.py:802: in find_element\n    return self.execute(Command.FIND_ELEMENT, {\"using\": by, \"value\": value})[\"value\"]\n           ^^^^^^^^^^^^^^^^^^^^^^^^^^^^^^^^^^^^^^^^^^^^^^^^^^^^^^^^^^^^^^^^^\n.venv/lib/python3.11/site-packages/selenium/webdriver/remote/webdriver.py:432: in execute\n    self.error_handler.check_response(response)\n_ _ _ _ _ _ _ _ _ _ _ _ _ _ _ _ _ _ _ _ _ _ _ _ _ _ _ _ _ _ _ _ _ _ _ _ _ _ _ _ \n\nself = <selenium.webdriver.remote.errorhandler.ErrorHandler object at 0x100f91650>\nresponse = {'status': 404, 'value': '{\"value\":{\"error\":\"no such window\",\"message\":\"no such window: target window already closed\\\\...000189936f94 _pthread_start + 136\\\\n16  libsystem_pthread.dylib             0x0000000189931d34 thread_start + 8\\\\n\"}}'}\n\n    def check_response(self, response: dict[str, Any]) -> None:\n        \"\"\"Check that a JSON response from the WebDriver does not have an error.\n    \n        Args:\n            response: The JSON response from the WebDriver server as a dictionary\n                object.\n    \n        Raises:\n            WebDriverException: If the response contains an error message.\n        \"\"\"\n        status = response.get(\"status\", None)\n        if not status or status == ErrorCode.SUCCESS:\n            return\n        value = None\n        message = response.get(\"message\", \"\")\n        screen: str = response.get(\"screen\", \"\")\n        stacktrace = None\n        if isinstance(status, int):\n            value_json = response.get(\"value\", None)\n            if value_json and isinstance(value_json, str):\n                try:\n                    value = json.loads(value_json)\n                    if isinstance(value, dict):\n                        if len(value) == 1:\n                            value = value[\"value\"]\n                        status = value.get(\"error\", None)\n                        if not status:\n                            status = value.get(\"status\", ErrorCode.UNKNOWN_ERROR)\n                            message = value.get(\"value\") or value.get(\"message\")\n                            if not isinstance(message, str):\n                                value = message\n                                message = message.get(\"message\") if isinstance(message, dict) else None\n                        else:\n                            message = value.get(\"message\", None)\n                except ValueError:\n                    pass\n    \n        exception_class: type[WebDriverException]\n        e = ErrorCode()\n        error_codes = [item for item in dir(e) if not item.startswith(\"__\")]\n        for error_code in error_codes:\n            error_info = getattr(ErrorCode, error_code)\n            if isinstance(error_info, list) and status in error_info:\n                exception_class = getattr(ExceptionMapping, error_code, WebDriverException)\n                break\n        else:\n            exception_class = WebDriverException\n    \n        if not value:\n            value = response[\"value\"]\n        if isinstance(value, str):\n            raise exception_class(value)\n        if message == \"\" and \"message\" in value:\n            message = value[\"message\"]\n    \n        screen = None  # type: ignore[assignment]\n        if \"screen\" in value:\n            screen = value[\"screen\"]\n    \n        stacktrace = None\n        st_value = value.get(\"stackTrace\") or value.get(\"stacktrace\")\n        if st_value:\n            if isinstance(st_value, str):\n                stacktrace = st_value.split(\"\\n\")\n            else:\n                stacktrace = []\n                try:\n                    for frame in st_value:\n                        line = frame.get(\"lineNumber\", \"\")\n                        file = frame.get(\"fileName\", \"<anonymous>\")\n                        if line:\n                            file = f\"{file}:{line}\"\n                        meth = frame.get(\"methodName\", \"<anonymous>\")\n                        if \"className\" in frame:\n                            meth = f\"{frame['className']}.{meth}\"\n                        msg = \"    at %s (%s)\"\n                        msg = msg % (meth, file)\n                        stacktrace.append(msg)\n                except TypeError:\n                    pass\n        if exception_class == UnexpectedAlertPresentException:\n            alert_text = None\n            if \"data\" in value:\n                alert_text = value[\"data\"].get(\"text\")\n            elif \"alert\" in value:\n                alert_text = value[\"alert\"].get(\"text\")\n            raise exception_class(message, screen, stacktrace, alert_text)  # type: ignore[call-arg]  # mypy is not smart enough here\n>       raise exception_class(message, screen, stacktrace)\nE       selenium.common.exceptions.NoSuchWindowException: Message: no such window: target window already closed\nE       from unknown error: web view not found\nE         (Session info: chrome=143.0.7499.193)\nE       Stacktrace:\nE       0   chromedriver                        0x0000000102d5bdfc cxxbridge1$str$ptr + 3031016\nE       1   chromedriver                        0x0000000102d53cb8 cxxbridge1$str$ptr + 2997924\nE       2   chromedriver                        0x000000010284eb90 _RNvCsgXDX2mvAJAg_7___rustc35___rust_no_alloc_shim_is_unstable_v2 + 74192\nE       3   chromedriver                        0x0000000102828948 chromedriver + 149832\nE       4   chromedriver                        0x00000001028bdb38 _RNvCsgXDX2mvAJAg_7___rustc35___rust_no_alloc_shim_is_unstable_v2 + 528760\nE       5   chromedriver                        0x00000001028d658c _RNvCsgXDX2mvAJAg_7___rustc35___rust_no_alloc_shim_is_unstable_v2 + 629708\nE       6   chromedriver                        0x000000010288a22c _RNvCsgXDX2mvAJAg_7___rustc35___rust_no_alloc_shim_is_unstable_v2 + 317548\nE       7   chromedriver                        0x0000000102d20194 cxxbridge1$str$ptr + 2786176\nE       8   chromedriver                        0x0000000102d23900 cxxbridge1$str$ptr + 2800364\nE       9   chromedriver                        0x0000000102d0042c cxxbridge1$str$ptr + 2655768\nE       10  chromedriver                        0x0000000102d24170 cxxbridge1$str$ptr + 2802524\nE       11  chromedriver                        0x0000000102cf0e10 cxxbridge1$str$ptr + 2592764\nE       12  chromedriver                        0x0000000102d4314c cxxbridge1$str$ptr + 2929464\nE       13  chromedriver                        0x0000000102d432cc cxxbridge1$str$ptr + 2929848\nE       14  chromedriver                        0x0000000102d53910 cxxbridge1$str$ptr + 2996988\nE       15  libsystem_pthread.dylib             0x0000000189936f94 _pthread_start + 136\nE       16  libsystem_pthread.dylib             0x0000000189931d34 thread_start + 8\n\n.venv/lib/python3.11/site-packages/selenium/webdriver/remote/errorhandler.py:232: NoSuchWindowException"}, "steps": [{"name": "Проверка восстановления пользователя", "status": "broken", "statusDetails": {"message": "selenium.common.exceptions.NoSuchWindowException: Message: no such window: target window already closed\nfrom unknown error: web view not found\n  (Session info: chrome=143.0.7499.193)\nStacktrace:\n0   chromedriver                        0x0000000102d5bdfc cxxbridge1$str$ptr + 3031016\n1   chromedriver                        0x0000000102d53cb8 cxxbridge1$str$ptr + 2997924\n2   chromedriver                        0x000000010284eb90 _RNvCsgXDX2mvAJAg_7___rustc35___rust_no_alloc_shim_is_unstable_v2 + 74192\n3   chromedriver                        0x0000000102828948 chromedriver + 149832\n4   chromedriver                        0x00000001028bdb38 _RNvCsgXDX2mvAJAg_7___rustc35___rust_no_alloc_shim_is_unstable_v2 + 528760\n5   chromedriver                        0x00000001028d658c _RNvCsgXDX2mvAJAg_7___rustc35___rust_no_alloc_shim_is_unstable_v2 + 629708\n6   chromedriver                        0x000000010288a22c _RNvCsgXDX2mvAJAg_7___rustc35___rust_no_alloc_shim_is_unstable_v2 + 317548\n7   chromedriver                        0x0000000102d20194 cxxbridge1$str$ptr + 2786176\n8   chromedriver                        0x0000000102d23900 cxxbridge1$str$ptr + 2800364\n9   chromedriver                        0x0000000102d0042c cxxbridge1$str$ptr + 2655768\n10  chromedriver                        0x0000000102d24170 cxxbridge1$str$ptr + 2802524\n11  chromedriver                        0x0000000102cf0e10 cxxbridge1$str$ptr + 2592764\n12  chromedriver                        0x0000000102d4314c cxxbridge1$str$ptr + 2929464\n13  chromedriver                        0x0000000102d432cc cxxbridge1$str$ptr + 2929848\n14  chromedriver                        0x0000000102d53910 cxxbridge1$str$ptr + 2996988\n15  libsystem_pthread.dylib             0x0000000189936f94 _pthread_start + 136\n16  libsystem_pthread.dylib             0x0000000189931d34 thread_start + 8\n\n", "trace": "  File \"/Users/katemaximova/WebTest/.venv/lib/python3.11/site-packages/allure_commons/_allure.py\", line 202, in impl\n    return func(*a, **kw)\n           ^^^^^^^^^^^^^^\n  File \"/Users/katemaximova/WebTest/tests/test_recovery.py\", line 16, in test_go_to_recovery_page_after_many_fails\n    LoginPage = LoginPageHelper(browser)\n                ^^^^^^^^^^^^^^^^^^^^^^^^\n  File \"/Users/katemaximova/WebTest/pages/LoginPage.py\", line 30, in __init__\n    self.check_page()\n  File \"/Users/katemaximova/WebTest/pages/LoginPage.py\", line 34, in check_page\n    self.find_element(LoginPageLocators.LOGIN_FIELD)\n  File \"/Users/katemaximova/WebTest/pages/BasePage.py\", line 11, in find_element\n    return WebDriverWait(self.driver,time).until(expected_conditions.visibility_of_element_located(locator),message=f'не удалось найти локатор {locator}')\n           ^^^^^^^^^^^^^^^^^^^^^^^^^^^^^^^^^^^^^^^^^^^^^^^^^^^^^^^^^^^^^^^^^^^^^^^^^^^^^^^^^^^^^^^^^^^^^^^^^^^^^^^^^^^^^^^^^^^^^^^^^^^^^^^^^^^^^^^^^^^^^^^\n  File \"/Users/katemaximova/WebTest/.venv/lib/python3.11/site-packages/selenium/webdriver/support/wait.py\", line 113, in until\n    value = method(self._driver)\n            ^^^^^^^^^^^^^^^^^^^^\n  File \"/Users/katemaximova/WebTest/.venv/lib/python3.11/site-packages/selenium/webdriver/support/expected_conditions.py\", line 184, in _predicate\n    return _element_if_visible(driver.find_element(*locator))\n                               ^^^^^^^^^^^^^^^^^^^^^^^^^^^^^\n  File \"/Users/katemaximova/WebTest/.venv/lib/python3.11/site-packages/selenium/webdriver/remote/webdriver.py\", line 802, in find_element\n    return self.execute(Command.FIND_ELEMENT, {\"using\": by, \"value\": value})[\"value\"]\n           ^^^^^^^^^^^^^^^^^^^^^^^^^^^^^^^^^^^^^^^^^^^^^^^^^^^^^^^^^^^^^^^^^\n  File \"/Users/katemaximova/WebTest/.venv/lib/python3.11/site-packages/selenium/webdriver/remote/webdriver.py\", line 432, in execute\n    self.error_handler.check_response(response)\n  File \"/Users/katemaximova/WebTest/.venv/lib/python3.11/site-packages/selenium/webdriver/remote/errorhandler.py\", line 232, in check_response\n    raise exception_class(message, screen, stacktrace)\n"}, "steps": [{"name": "Открываем страницу", "status": "passed", "parameters": [{"name": "url", "value": "'https://ok.ru/'"}], "start": 1768485433035, "stop": 1768485441966}], "parameters": [{"name": "browser", "value": "<selenium.webdriver.chrome.webdriver.WebDriver (session=\"b0765765788bf969c7d3793597faaac0\")>"}], "start": 1768485433035, "stop": 1768485441968}], "start": 1768485433035, "stop": 1768485441972, "uuid": "190fb4f2-2d34-49c8-bf71-44ba5997ed33", "historyId": "bbfcc0c378135b19644b2719af22644d", "testCaseId": "bbfcc0c378135b19644b2719af22644d", "fullName": "tests.test_recovery#test_go_to_recovery_page_after_many_fails", "labels": [{"name": "parentSuite", "value": "tests"}, {"name": "suite", "value": "test_recovery"}, {"name": "host", "value": "MacBook-Pro-Kate.local"}, {"name": "thread", "value": "6874-MainThread"}, {"name": "framework", "value": "pytest"}, {"name": "language", "value": "cpython3"}, {"name": "package", "value": "tests.test_recovery"}], "titlePath": ["tests", "test_recovery.py"]}