{"name": "проверка перехода к восстановлению посл нескольких неудачных попыток авторизации", "status": "broken", "statusDetails": {"message": "selenium.common.exceptions.TimeoutException: Message: не удалось найти локатор ('xpath', '//a[.//span[text()=\"Восстановить\"]]')\nStacktrace:\n0   chromedriver                        0x000000010117fdfc cxxbridge1$str$ptr + 3031016\n1   chromedriver                        0x0000000101177cb8 cxxbridge1$str$ptr + 2997924\n2   chromedriver                        0x0000000100c72b90 _RNvCsgXDX2mvAJAg_7___rustc35___rust_no_alloc_shim_is_unstable_v2 + 74192\n3   chromedriver                        0x0000000100cb9ab4 _RNvCsgXDX2mvAJAg_7___rustc35___rust_no_alloc_shim_is_unstable_v2 + 364788\n4   chromedriver                        0x0000000100cfaa28 _RNvCsgXDX2mvAJAg_7___rustc35___rust_no_alloc_shim_is_unstable_v2 + 630888\n5   chromedriver                        0x0000000100cae22c _RNvCsgXDX2mvAJAg_7___rustc35___rust_no_alloc_shim_is_unstable_v2 + 317548\n6   chromedriver                        0x0000000101144194 cxxbridge1$str$ptr + 2786176\n7   chromedriver                        0x0000000101147900 cxxbridge1$str$ptr + 2800364\n8   chromedriver                        0x000000010112442c cxxbridge1$str$ptr + 2655768\n9   chromedriver                        0x0000000101148170 cxxbridge1$str$ptr + 2802524\n10  chromedriver                        0x0000000101114e10 cxxbridge1$str$ptr + 2592764\n11  chromedriver                        0x000000010116714c cxxbridge1$str$ptr + 2929464\n12  chromedriver                        0x00000001011672cc cxxbridge1$str$ptr + 2929848\n13  chromedriver                        0x0000000101177910 cxxbridge1$str$ptr + 2996988\n14  libsystem_pthread.dylib             0x0000000189936f94 _pthread_start + 136\n15  libsystem_pthread.dylib             0x0000000189931d34 thread_start + 8", "trace": "browser = <selenium.webdriver.chrome.webdriver.WebDriver (session=\"21aa0c096c65ee7175656bd8b7861237\")>\n\n    @allure.step('Проверка восстановления пользователя')\n    @allure.title('проверка перехода к восстановлению посл нескольких неудачных попыток авторизации')\n    def test_go_to_recovery_page_after_many_fails(browser):\n        BasePage(browser).get_url(BASE_URL)\n        LoginPage = LoginPageHelper(browser)\n        LoginPage.type_login(LOGIN_TEXT)\n    \n        for i in range(3):\n            LoginPage.type_password(PASSWORD_TEXT)\n            LoginPage.click_login()\n    \n>       LoginPage.click_recovery()\n\ntests/test_recovery.py:23: \n_ _ _ _ _ _ _ _ _ _ _ _ _ _ _ _ _ _ _ _ _ _ _ _ _ _ _ _ _ _ _ _ _ _ _ _ _ _ _ _ \npages/LoginPage.py:72: in click_recovery\n    self.find_element(LoginPageLocators.RECOVER_BUTTON).click()\n    ^^^^^^^^^^^^^^^^^^^^^^^^^^^^^^^^^^^^^^^^^^^^^^^^^^^\npages/BasePage.py:11: in find_element\n    return WebDriverWait(self.driver,time).until(expected_conditions.visibility_of_element_located(locator),message=f'не удалось найти локатор {locator}')\n           ^^^^^^^^^^^^^^^^^^^^^^^^^^^^^^^^^^^^^^^^^^^^^^^^^^^^^^^^^^^^^^^^^^^^^^^^^^^^^^^^^^^^^^^^^^^^^^^^^^^^^^^^^^^^^^^^^^^^^^^^^^^^^^^^^^^^^^^^^^^^^^^\n_ _ _ _ _ _ _ _ _ _ _ _ _ _ _ _ _ _ _ _ _ _ _ _ _ _ _ _ _ _ _ _ _ _ _ _ _ _ _ _ \n\nself = <selenium.webdriver.support.wait.WebDriverWait (session=\"21aa0c096c65ee7175656bd8b7861237\")>\nmethod = <function visibility_of_element_located.<locals>._predicate at 0x103d642c0>\nmessage = 'не удалось найти локатор (\\'xpath\\', \\'//a[.//span[text()=\"Восстановить\"]]\\')'\n\n    def until(self, method: Callable[[D], Literal[False] | T], message: str = \"\") -> T:\n        \"\"\"Wait until the method returns a value that is not False.\n    \n        Calls the method provided with the driver as an argument until the\n        return value does not evaluate to ``False``.\n    \n        Args:\n            method: A callable object that takes a WebDriver instance as an\n                argument.\n            message: Optional message for TimeoutException.\n    \n        Returns:\n            The result of the last call to `method`.\n    \n        Raises:\n            TimeoutException: If 'method' does not return a truthy value within\n                the WebDriverWait object's timeout.\n    \n        Example:\n            >>> from selenium.webdriver.common.by import By\n            >>> from selenium.webdriver.support.ui import WebDriverWait\n            >>> from selenium.webdriver.support import expected_conditions as EC\n            >>>\n            >>> # Wait until an element is visible on the page\n            >>> wait = WebDriverWait(driver, 10)\n            >>> element = wait.until(EC.visibility_of_element_located((By.ID, \"exampleId\")))\n            >>> print(element.text)\n        \"\"\"\n        screen = None\n        stacktrace = None\n    \n        end_time = time.monotonic() + self._timeout\n        while True:\n            try:\n                value = method(self._driver)\n                if value:\n                    return value\n            except self._ignored_exceptions as exc:\n                screen = getattr(exc, \"screen\", None)\n                stacktrace = getattr(exc, \"stacktrace\", None)\n            if time.monotonic() > end_time:\n                break\n            time.sleep(self._poll)\n>       raise TimeoutException(message, screen, stacktrace)\nE       selenium.common.exceptions.TimeoutException: Message: не удалось найти локатор ('xpath', '//a[.//span[text()=\"Восстановить\"]]')\nE       Stacktrace:\nE       0   chromedriver                        0x000000010117fdfc cxxbridge1$str$ptr + 3031016\nE       1   chromedriver                        0x0000000101177cb8 cxxbridge1$str$ptr + 2997924\nE       2   chromedriver                        0x0000000100c72b90 _RNvCsgXDX2mvAJAg_7___rustc35___rust_no_alloc_shim_is_unstable_v2 + 74192\nE       3   chromedriver                        0x0000000100cb9ab4 _RNvCsgXDX2mvAJAg_7___rustc35___rust_no_alloc_shim_is_unstable_v2 + 364788\nE       4   chromedriver                        0x0000000100cfaa28 _RNvCsgXDX2mvAJAg_7___rustc35___rust_no_alloc_shim_is_unstable_v2 + 630888\nE       5   chromedriver                        0x0000000100cae22c _RNvCsgXDX2mvAJAg_7___rustc35___rust_no_alloc_shim_is_unstable_v2 + 317548\nE       6   chromedriver                        0x0000000101144194 cxxbridge1$str$ptr + 2786176\nE       7   chromedriver                        0x0000000101147900 cxxbridge1$str$ptr + 2800364\nE       8   chromedriver                        0x000000010112442c cxxbridge1$str$ptr + 2655768\nE       9   chromedriver                        0x0000000101148170 cxxbridge1$str$ptr + 2802524\nE       10  chromedriver                        0x0000000101114e10 cxxbridge1$str$ptr + 2592764\nE       11  chromedriver                        0x000000010116714c cxxbridge1$str$ptr + 2929464\nE       12  chromedriver                        0x00000001011672cc cxxbridge1$str$ptr + 2929848\nE       13  chromedriver                        0x0000000101177910 cxxbridge1$str$ptr + 2996988\nE       14  libsystem_pthread.dylib             0x0000000189936f94 _pthread_start + 136\nE       15  libsystem_pthread.dylib             0x0000000189931d34 thread_start + 8\n\n.venv/lib/python3.11/site-packages/selenium/webdriver/support/wait.py:122: TimeoutException"}, "steps": [{"name": "Проверка восстановления пользователя", "status": "broken", "statusDetails": {"message": "selenium.common.exceptions.TimeoutException: Message: не удалось найти локатор ('xpath', '//a[.//span[text()=\"Восстановить\"]]')\nStacktrace:\n0   chromedriver                        0x000000010117fdfc cxxbridge1$str$ptr + 3031016\n1   chromedriver                        0x0000000101177cb8 cxxbridge1$str$ptr + 2997924\n2   chromedriver                        0x0000000100c72b90 _RNvCsgXDX2mvAJAg_7___rustc35___rust_no_alloc_shim_is_unstable_v2 + 74192\n3   chromedriver                        0x0000000100cb9ab4 _RNvCsgXDX2mvAJAg_7___rustc35___rust_no_alloc_shim_is_unstable_v2 + 364788\n4   chromedriver                        0x0000000100cfaa28 _RNvCsgXDX2mvAJAg_7___rustc35___rust_no_alloc_shim_is_unstable_v2 + 630888\n5   chromedriver                        0x0000000100cae22c _RNvCsgXDX2mvAJAg_7___rustc35___rust_no_alloc_shim_is_unstable_v2 + 317548\n6   chromedriver                        0x0000000101144194 cxxbridge1$str$ptr + 2786176\n7   chromedriver                        0x0000000101147900 cxxbridge1$str$ptr + 2800364\n8   chromedriver                        0x000000010112442c cxxbridge1$str$ptr + 2655768\n9   chromedriver                        0x0000000101148170 cxxbridge1$str$ptr + 2802524\n10  chromedriver                        0x0000000101114e10 cxxbridge1$str$ptr + 2592764\n11  chromedriver                        0x000000010116714c cxxbridge1$str$ptr + 2929464\n12  chromedriver                        0x00000001011672cc cxxbridge1$str$ptr + 2929848\n13  chromedriver                        0x0000000101177910 cxxbridge1$str$ptr + 2996988\n14  libsystem_pthread.dylib             0x0000000189936f94 _pthread_start + 136\n15  libsystem_pthread.dylib             0x0000000189931d34 thread_start + 8\n\n", "trace": "  File \"/Users/katemaximova/WebTest/.venv/lib/python3.11/site-packages/allure_commons/_allure.py\", line 202, in impl\n    return func(*a, **kw)\n           ^^^^^^^^^^^^^^\n  File \"/Users/katemaximova/WebTest/tests/test_recovery.py\", line 23, in test_go_to_recovery_page_after_many_fails\n    LoginPage.click_recovery()\n  File \"/Users/katemaximova/WebTest/.venv/lib/python3.11/site-packages/allure_commons/_allure.py\", line 202, in impl\n    return func(*a, **kw)\n           ^^^^^^^^^^^^^^\n  File \"/Users/katemaximova/WebTest/pages/LoginPage.py\", line 72, in click_recovery\n    self.find_element(LoginPageLocators.RECOVER_BUTTON).click()\n    ^^^^^^^^^^^^^^^^^^^^^^^^^^^^^^^^^^^^^^^^^^^^^^^^^^^\n  File \"/Users/katemaximova/WebTest/pages/BasePage.py\", line 11, in find_element\n    return WebDriverWait(self.driver,time).until(expected_conditions.visibility_of_element_located(locator),message=f'не удалось найти локатор {locator}')\n           ^^^^^^^^^^^^^^^^^^^^^^^^^^^^^^^^^^^^^^^^^^^^^^^^^^^^^^^^^^^^^^^^^^^^^^^^^^^^^^^^^^^^^^^^^^^^^^^^^^^^^^^^^^^^^^^^^^^^^^^^^^^^^^^^^^^^^^^^^^^^^^^\n  File \"/Users/katemaximova/WebTest/.venv/lib/python3.11/site-packages/selenium/webdriver/support/wait.py\", line 122, in until\n    raise TimeoutException(message, screen, stacktrace)\n"}, "steps": [{"name": "Открываем страницу", "status": "passed", "parameters": [{"name": "url", "value": "'https://ok.ru/'"}], "start": 1768486503360, "stop": 1768486504269}, {"name": "Заполняем поле логин", "status": "passed", "attachments": [{"name": "скриншот", "source": "2d5b777c-8bb9-4a0d-8c50-f0ce7aa8fe65-attachment.png", "type": "image/png"}], "parameters": [{"name": "login", "value": "'email'"}], "start": 1768486504357, "stop": 1768486504513}, {"name": "Заполняем поле пароля", "status": "passed", "attachments": [{"name": "скриншот", "source": "a070dd45-ff54-430a-a39d-57e48c281873-attachment.png", "type": "image/png"}], "parameters": [{"name": "password", "value": "'1'"}], "start": 1768486504513, "stop": 1768486504610}, {"name": "Нажимаем на кнопку \"Войти\"", "status": "passed", "attachments": [{"name": "скриншот", "source": "c36eba3f-4481-4d6c-8355-111f8fd3c6b4-attachment.png", "type": "image/png"}], "start": 1768486504610, "stop": 1768486504733}, {"name": "Заполняем поле пароля", "status": "passed", "attachments": [{"name": "скриншот", "source": "5aae237b-aab5-4042-bcf8-8689b35fb658-attachment.png", "type": "image/png"}], "parameters": [{"name": "password", "value": "'1'"}], "start": 1768486504733, "stop": 1768486504843}, {"name": "Нажимаем на кнопку \"Войти\"", "status": "passed", "attachments": [{"name": "скриншот", "source": "200d6826-0ea7-4af4-a3e6-e0ea7a2776f7-attachment.png", "type": "image/png"}], "start": 1768486504843, "stop": 1768486504973}, {"name": "Заполняем поле пароля", "status": "passed", "attachments": [{"name": "скриншот", "source": "065b9f6e-8e60-46cc-a34f-bb1782764348-attachment.png", "type": "image/png"}], "parameters": [{"name": "password", "value": "'1'"}], "start": 1768486504973, "stop": 1768486505076}, {"name": "Нажимаем на кнопку \"Войти\"", "status": "passed", "attachments": [{"name": "скриншот", "source": "9469302f-fea4-4406-a3ea-c25135d1a588-attachment.png", "type": "image/png"}], "start": 1768486505076, "stop": 1768486505204}, {"name": "Переходим к восстановлению", "status": "broken", "statusDetails": {"message": "selenium.common.exceptions.TimeoutException: Message: не удалось найти локатор ('xpath', '//a[.//span[text()=\"Восстановить\"]]')\nStacktrace:\n0   chromedriver                        0x000000010117fdfc cxxbridge1$str$ptr + 3031016\n1   chromedriver                        0x0000000101177cb8 cxxbridge1$str$ptr + 2997924\n2   chromedriver                        0x0000000100c72b90 _RNvCsgXDX2mvAJAg_7___rustc35___rust_no_alloc_shim_is_unstable_v2 + 74192\n3   chromedriver                        0x0000000100cb9ab4 _RNvCsgXDX2mvAJAg_7___rustc35___rust_no_alloc_shim_is_unstable_v2 + 364788\n4   chromedriver                        0x0000000100cfaa28 _RNvCsgXDX2mvAJAg_7___rustc35___rust_no_alloc_shim_is_unstable_v2 + 630888\n5   chromedriver                        0x0000000100cae22c _RNvCsgXDX2mvAJAg_7___rustc35___rust_no_alloc_shim_is_unstable_v2 + 317548\n6   chromedriver                        0x0000000101144194 cxxbridge1$str$ptr + 2786176\n7   chromedriver                        0x0000000101147900 cxxbridge1$str$ptr + 2800364\n8   chromedriver                        0x000000010112442c cxxbridge1$str$ptr + 2655768\n9   chromedriver                        0x0000000101148170 cxxbridge1$str$ptr + 2802524\n10  chromedriver                        0x0000000101114e10 cxxbridge1$str$ptr + 2592764\n11  chromedriver                        0x000000010116714c cxxbridge1$str$ptr + 2929464\n12  chromedriver                        0x00000001011672cc cxxbridge1$str$ptr + 2929848\n13  chromedriver                        0x0000000101177910 cxxbridge1$str$ptr + 2996988\n14  libsystem_pthread.dylib             0x0000000189936f94 _pthread_start + 136\n15  libsystem_pthread.dylib             0x0000000189931d34 thread_start + 8\n\n", "trace": "  File \"/Users/katemaximova/WebTest/.venv/lib/python3.11/site-packages/allure_commons/_allure.py\", line 202, in impl\n    return func(*a, **kw)\n           ^^^^^^^^^^^^^^\n  File \"/Users/katemaximova/WebTest/pages/LoginPage.py\", line 72, in click_recovery\n    self.find_element(LoginPageLocators.RECOVER_BUTTON).click()\n    ^^^^^^^^^^^^^^^^^^^^^^^^^^^^^^^^^^^^^^^^^^^^^^^^^^^\n  File \"/Users/katemaximova/WebTest/pages/BasePage.py\", line 11, in find_element\n    return WebDriverWait(self.driver,time).until(expected_conditions.visibility_of_element_located(locator),message=f'не удалось найти локатор {locator}')\n           ^^^^^^^^^^^^^^^^^^^^^^^^^^^^^^^^^^^^^^^^^^^^^^^^^^^^^^^^^^^^^^^^^^^^^^^^^^^^^^^^^^^^^^^^^^^^^^^^^^^^^^^^^^^^^^^^^^^^^^^^^^^^^^^^^^^^^^^^^^^^^^^\n  File \"/Users/katemaximova/WebTest/.venv/lib/python3.11/site-packages/selenium/webdriver/support/wait.py\", line 122, in until\n    raise TimeoutException(message, screen, stacktrace)\n"}, "attachments": [{"name": "скриншот", "source": "04bd94c0-ab5b-4c3b-b8c8-f8585cddffc5-attachment.png", "type": "image/png"}], "start": 1768486505204, "stop": 1768486520471}], "parameters": [{"name": "browser", "value": "<selenium.webdriver.chrome.webdriver.WebDriver (session=\"21aa0c096c65ee7175656bd8b7861237\")>"}], "start": 1768486503360, "stop": 1768486520474}], "start": 1768486503360, "stop": 1768486520475, "uuid": "150a3a34-3b16-4ba7-902f-69332086d66a", "historyId": "bbfcc0c378135b19644b2719af22644d", "testCaseId": "bbfcc0c378135b19644b2719af22644d", "fullName": "tests.test_recovery#test_go_to_recovery_page_after_many_fails", "labels": [{"name": "parentSuite", "value": "tests"}, {"name": "suite", "value": "test_recovery"}, {"name": "host", "value": "MacBook-Pro-Kate.local"}, {"name": "thread", "value": "7224-MainThread"}, {"name": "framework", "value": "pytest"}, {"name": "language", "value": "cpython3"}, {"name": "package", "value": "tests.test_recovery"}], "titlePath": ["tests", "test_recovery.py"]}