{"name": "проверка перехода к восстановлению посл нескольких неудачных попыток авторизации", "status": "broken", "statusDetails": {"message": "selenium.common.exceptions.TimeoutException: Message: не удалось найти локатор ('xpath', '//a[.//span[text()=\"Восстановить\"]]')\nStacktrace:\n0   chromedriver                        0x000000010085fdfc cxxbridge1$str$ptr + 3031016\n1   chromedriver                        0x0000000100857cb8 cxxbridge1$str$ptr + 2997924\n2   chromedriver                        0x0000000100352b90 _RNvCsgXDX2mvAJAg_7___rustc35___rust_no_alloc_shim_is_unstable_v2 + 74192\n3   chromedriver                        0x0000000100399ab4 _RNvCsgXDX2mvAJAg_7___rustc35___rust_no_alloc_shim_is_unstable_v2 + 364788\n4   chromedriver                        0x00000001003daa28 _RNvCsgXDX2mvAJAg_7___rustc35___rust_no_alloc_shim_is_unstable_v2 + 630888\n5   chromedriver                        0x000000010038e22c _RNvCsgXDX2mvAJAg_7___rustc35___rust_no_alloc_shim_is_unstable_v2 + 317548\n6   chromedriver                        0x0000000100824194 cxxbridge1$str$ptr + 2786176\n7   chromedriver                        0x0000000100827900 cxxbridge1$str$ptr + 2800364\n8   chromedriver                        0x000000010080442c cxxbridge1$str$ptr + 2655768\n9   chromedriver                        0x0000000100828170 cxxbridge1$str$ptr + 2802524\n10  chromedriver                        0x00000001007f4e10 cxxbridge1$str$ptr + 2592764\n11  chromedriver                        0x000000010084714c cxxbridge1$str$ptr + 2929464\n12  chromedriver                        0x00000001008472cc cxxbridge1$str$ptr + 2929848\n13  chromedriver                        0x0000000100857910 cxxbridge1$str$ptr + 2996988\n14  libsystem_pthread.dylib             0x0000000189936f94 _pthread_start + 136\n15  libsystem_pthread.dylib             0x0000000189931d34 thread_start + 8", "trace": "browser = <selenium.webdriver.chrome.webdriver.WebDriver (session=\"3e158105394714f11c779c613d0b3cc3\")>\n\n    @allure.step('Проверка восстановления пользователя')\n    @allure.title('проверка перехода к восстановлению посл нескольких неудачных попыток авторизации')\n    def test_go_to_recovery_page_after_many_fails(browser):\n        BasePage(browser).get_url(BASE_URL)\n        LoginPage = LoginPageHelper(browser)\n        LoginPage.type_login(LOGIN_TEXT)\n    \n        for i in range(3):\n            LoginPage.type_password(PASSWORD_TEXT)\n            LoginPage.click_login()\n    \n>       LoginPage.click_recovery()\n\ntests/test_recovery.py:23: \n_ _ _ _ _ _ _ _ _ _ _ _ _ _ _ _ _ _ _ _ _ _ _ _ _ _ _ _ _ _ _ _ _ _ _ _ _ _ _ _ \npages/LoginPage.py:72: in click_recovery\n    self.find_element(LoginPageLocators.RECOVER_BUTTON).click()\n    ^^^^^^^^^^^^^^^^^^^^^^^^^^^^^^^^^^^^^^^^^^^^^^^^^^^\npages/BasePage.py:11: in find_element\n    return WebDriverWait(self.driver,time).until(expected_conditions.visibility_of_element_located(locator),message=f'не удалось найти локатор {locator}')\n           ^^^^^^^^^^^^^^^^^^^^^^^^^^^^^^^^^^^^^^^^^^^^^^^^^^^^^^^^^^^^^^^^^^^^^^^^^^^^^^^^^^^^^^^^^^^^^^^^^^^^^^^^^^^^^^^^^^^^^^^^^^^^^^^^^^^^^^^^^^^^^^^\n_ _ _ _ _ _ _ _ _ _ _ _ _ _ _ _ _ _ _ _ _ _ _ _ _ _ _ _ _ _ _ _ _ _ _ _ _ _ _ _ \n\nself = <selenium.webdriver.support.wait.WebDriverWait (session=\"3e158105394714f11c779c613d0b3cc3\")>\nmethod = <function visibility_of_element_located.<locals>._predicate at 0x106ce0360>\nmessage = 'не удалось найти локатор (\\'xpath\\', \\'//a[.//span[text()=\"Восстановить\"]]\\')'\n\n    def until(self, method: Callable[[D], Literal[False] | T], message: str = \"\") -> T:\n        \"\"\"Wait until the method returns a value that is not False.\n    \n        Calls the method provided with the driver as an argument until the\n        return value does not evaluate to ``False``.\n    \n        Args:\n            method: A callable object that takes a WebDriver instance as an\n                argument.\n            message: Optional message for TimeoutException.\n    \n        Returns:\n            The result of the last call to `method`.\n    \n        Raises:\n            TimeoutException: If 'method' does not return a truthy value within\n                the WebDriverWait object's timeout.\n    \n        Example:\n            >>> from selenium.webdriver.common.by import By\n            >>> from selenium.webdriver.support.ui import WebDriverWait\n            >>> from selenium.webdriver.support import expected_conditions as EC\n            >>>\n            >>> # Wait until an element is visible on the page\n            >>> wait = WebDriverWait(driver, 10)\n            >>> element = wait.until(EC.visibility_of_element_located((By.ID, \"exampleId\")))\n            >>> print(element.text)\n        \"\"\"\n        screen = None\n        stacktrace = None\n    \n        end_time = time.monotonic() + self._timeout\n        while True:\n            try:\n                value = method(self._driver)\n                if value:\n                    return value\n            except self._ignored_exceptions as exc:\n                screen = getattr(exc, \"screen\", None)\n                stacktrace = getattr(exc, \"stacktrace\", None)\n            if time.monotonic() > end_time:\n                break\n            time.sleep(self._poll)\n>       raise TimeoutException(message, screen, stacktrace)\nE       selenium.common.exceptions.TimeoutException: Message: не удалось найти локатор ('xpath', '//a[.//span[text()=\"Восстановить\"]]')\nE       Stacktrace:\nE       0   chromedriver                        0x000000010085fdfc cxxbridge1$str$ptr + 3031016\nE       1   chromedriver                        0x0000000100857cb8 cxxbridge1$str$ptr + 2997924\nE       2   chromedriver                        0x0000000100352b90 _RNvCsgXDX2mvAJAg_7___rustc35___rust_no_alloc_shim_is_unstable_v2 + 74192\nE       3   chromedriver                        0x0000000100399ab4 _RNvCsgXDX2mvAJAg_7___rustc35___rust_no_alloc_shim_is_unstable_v2 + 364788\nE       4   chromedriver                        0x00000001003daa28 _RNvCsgXDX2mvAJAg_7___rustc35___rust_no_alloc_shim_is_unstable_v2 + 630888\nE       5   chromedriver                        0x000000010038e22c _RNvCsgXDX2mvAJAg_7___rustc35___rust_no_alloc_shim_is_unstable_v2 + 317548\nE       6   chromedriver                        0x0000000100824194 cxxbridge1$str$ptr + 2786176\nE       7   chromedriver                        0x0000000100827900 cxxbridge1$str$ptr + 2800364\nE       8   chromedriver                        0x000000010080442c cxxbridge1$str$ptr + 2655768\nE       9   chromedriver                        0x0000000100828170 cxxbridge1$str$ptr + 2802524\nE       10  chromedriver                        0x00000001007f4e10 cxxbridge1$str$ptr + 2592764\nE       11  chromedriver                        0x000000010084714c cxxbridge1$str$ptr + 2929464\nE       12  chromedriver                        0x00000001008472cc cxxbridge1$str$ptr + 2929848\nE       13  chromedriver                        0x0000000100857910 cxxbridge1$str$ptr + 2996988\nE       14  libsystem_pthread.dylib             0x0000000189936f94 _pthread_start + 136\nE       15  libsystem_pthread.dylib             0x0000000189931d34 thread_start + 8\n\n.venv/lib/python3.11/site-packages/selenium/webdriver/support/wait.py:122: TimeoutException"}, "steps": [{"name": "Проверка восстановления пользователя", "status": "broken", "statusDetails": {"message": "selenium.common.exceptions.TimeoutException: Message: не удалось найти локатор ('xpath', '//a[.//span[text()=\"Восстановить\"]]')\nStacktrace:\n0   chromedriver                        0x000000010085fdfc cxxbridge1$str$ptr + 3031016\n1   chromedriver                        0x0000000100857cb8 cxxbridge1$str$ptr + 2997924\n2   chromedriver                        0x0000000100352b90 _RNvCsgXDX2mvAJAg_7___rustc35___rust_no_alloc_shim_is_unstable_v2 + 74192\n3   chromedriver                        0x0000000100399ab4 _RNvCsgXDX2mvAJAg_7___rustc35___rust_no_alloc_shim_is_unstable_v2 + 364788\n4   chromedriver                        0x00000001003daa28 _RNvCsgXDX2mvAJAg_7___rustc35___rust_no_alloc_shim_is_unstable_v2 + 630888\n5   chromedriver                        0x000000010038e22c _RNvCsgXDX2mvAJAg_7___rustc35___rust_no_alloc_shim_is_unstable_v2 + 317548\n6   chromedriver                        0x0000000100824194 cxxbridge1$str$ptr + 2786176\n7   chromedriver                        0x0000000100827900 cxxbridge1$str$ptr + 2800364\n8   chromedriver                        0x000000010080442c cxxbridge1$str$ptr + 2655768\n9   chromedriver                        0x0000000100828170 cxxbridge1$str$ptr + 2802524\n10  chromedriver                        0x00000001007f4e10 cxxbridge1$str$ptr + 2592764\n11  chromedriver                        0x000000010084714c cxxbridge1$str$ptr + 2929464\n12  chromedriver                        0x00000001008472cc cxxbridge1$str$ptr + 2929848\n13  chromedriver                        0x0000000100857910 cxxbridge1$str$ptr + 2996988\n14  libsystem_pthread.dylib             0x0000000189936f94 _pthread_start + 136\n15  libsystem_pthread.dylib             0x0000000189931d34 thread_start + 8\n\n", "trace": "  File \"/Users/katemaximova/WebTest/.venv/lib/python3.11/site-packages/allure_commons/_allure.py\", line 202, in impl\n    return func(*a, **kw)\n           ^^^^^^^^^^^^^^\n  File \"/Users/katemaximova/WebTest/tests/test_recovery.py\", line 23, in test_go_to_recovery_page_after_many_fails\n    LoginPage.click_recovery()\n  File \"/Users/katemaximova/WebTest/.venv/lib/python3.11/site-packages/allure_commons/_allure.py\", line 202, in impl\n    return func(*a, **kw)\n           ^^^^^^^^^^^^^^\n  File \"/Users/katemaximova/WebTest/pages/LoginPage.py\", line 72, in click_recovery\n    self.find_element(LoginPageLocators.RECOVER_BUTTON).click()\n    ^^^^^^^^^^^^^^^^^^^^^^^^^^^^^^^^^^^^^^^^^^^^^^^^^^^\n  File \"/Users/katemaximova/WebTest/pages/BasePage.py\", line 11, in find_element\n    return WebDriverWait(self.driver,time).until(expected_conditions.visibility_of_element_located(locator),message=f'не удалось найти локатор {locator}')\n           ^^^^^^^^^^^^^^^^^^^^^^^^^^^^^^^^^^^^^^^^^^^^^^^^^^^^^^^^^^^^^^^^^^^^^^^^^^^^^^^^^^^^^^^^^^^^^^^^^^^^^^^^^^^^^^^^^^^^^^^^^^^^^^^^^^^^^^^^^^^^^^^\n  File \"/Users/katemaximova/WebTest/.venv/lib/python3.11/site-packages/selenium/webdriver/support/wait.py\", line 122, in until\n    raise TimeoutException(message, screen, stacktrace)\n"}, "steps": [{"name": "Открываем страницу", "status": "passed", "parameters": [{"name": "url", "value": "'https://ok.ru/'"}], "start": 1768486189502, "stop": 1768486191068}, {"name": "Заполняем поле логин", "status": "passed", "attachments": [{"name": "скриншот", "source": "150332e3-2487-4792-a995-45e5516a2539-attachment.png", "type": "image/png"}], "parameters": [{"name": "login", "value": "'email'"}], "start": 1768486191068, "stop": 1768486191245}, {"name": "Заполняем поле пароля", "status": "passed", "attachments": [{"name": "скриншот", "source": "1b41f077-5b19-479c-a2e4-e52cc0e97625-attachment.png", "type": "image/png"}], "parameters": [{"name": "password", "value": "'1'"}], "start": 1768486191245, "stop": 1768486191332}, {"name": "Нажимаем на кнопку \"Войти\"", "status": "passed", "attachments": [{"name": "скриншот", "source": "4b268b57-857b-4baa-a8a3-1c8e64282085-attachment.png", "type": "image/png"}], "start": 1768486191332, "stop": 1768486191452}, {"name": "Заполняем поле пароля", "status": "passed", "attachments": [{"name": "скриншот", "source": "49973fb9-cf00-4493-8d8b-243af9e4576b-attachment.png", "type": "image/png"}], "parameters": [{"name": "password", "value": "'1'"}], "start": 1768486191452, "stop": 1768486191566}, {"name": "Нажимаем на кнопку \"Войти\"", "status": "passed", "attachments": [{"name": "скриншот", "source": "2f8dcce7-9b68-4f45-a2fe-eccdafa3a043-attachment.png", "type": "image/png"}], "start": 1768486191566, "stop": 1768486191697}, {"name": "Заполняем поле пароля", "status": "passed", "attachments": [{"name": "скриншот", "source": "6cb84946-286f-4e39-86cb-9331435d904d-attachment.png", "type": "image/png"}], "parameters": [{"name": "password", "value": "'1'"}], "start": 1768486191697, "stop": 1768486191824}, {"name": "Нажимаем на кнопку \"Войти\"", "status": "passed", "attachments": [{"name": "скриншот", "source": "8a40d024-bfa5-42f2-bb92-a4d8d6419e2b-attachment.png", "type": "image/png"}], "start": 1768486191824, "stop": 1768486191950}, {"name": "Переходим к восстановлению", "status": "broken", "statusDetails": {"message": "selenium.common.exceptions.TimeoutException: Message: не удалось найти локатор ('xpath', '//a[.//span[text()=\"Восстановить\"]]')\nStacktrace:\n0   chromedriver                        0x000000010085fdfc cxxbridge1$str$ptr + 3031016\n1   chromedriver                        0x0000000100857cb8 cxxbridge1$str$ptr + 2997924\n2   chromedriver                        0x0000000100352b90 _RNvCsgXDX2mvAJAg_7___rustc35___rust_no_alloc_shim_is_unstable_v2 + 74192\n3   chromedriver                        0x0000000100399ab4 _RNvCsgXDX2mvAJAg_7___rustc35___rust_no_alloc_shim_is_unstable_v2 + 364788\n4   chromedriver                        0x00000001003daa28 _RNvCsgXDX2mvAJAg_7___rustc35___rust_no_alloc_shim_is_unstable_v2 + 630888\n5   chromedriver                        0x000000010038e22c _RNvCsgXDX2mvAJAg_7___rustc35___rust_no_alloc_shim_is_unstable_v2 + 317548\n6   chromedriver                        0x0000000100824194 cxxbridge1$str$ptr + 2786176\n7   chromedriver                        0x0000000100827900 cxxbridge1$str$ptr + 2800364\n8   chromedriver                        0x000000010080442c cxxbridge1$str$ptr + 2655768\n9   chromedriver                        0x0000000100828170 cxxbridge1$str$ptr + 2802524\n10  chromedriver                        0x00000001007f4e10 cxxbridge1$str$ptr + 2592764\n11  chromedriver                        0x000000010084714c cxxbridge1$str$ptr + 2929464\n12  chromedriver                        0x00000001008472cc cxxbridge1$str$ptr + 2929848\n13  chromedriver                        0x0000000100857910 cxxbridge1$str$ptr + 2996988\n14  libsystem_pthread.dylib             0x0000000189936f94 _pthread_start + 136\n15  libsystem_pthread.dylib             0x0000000189931d34 thread_start + 8\n\n", "trace": "  File \"/Users/katemaximova/WebTest/.venv/lib/python3.11/site-packages/allure_commons/_allure.py\", line 202, in impl\n    return func(*a, **kw)\n           ^^^^^^^^^^^^^^\n  File \"/Users/katemaximova/WebTest/pages/LoginPage.py\", line 72, in click_recovery\n    self.find_element(LoginPageLocators.RECOVER_BUTTON).click()\n    ^^^^^^^^^^^^^^^^^^^^^^^^^^^^^^^^^^^^^^^^^^^^^^^^^^^\n  File \"/Users/katemaximova/WebTest/pages/BasePage.py\", line 11, in find_element\n    return WebDriverWait(self.driver,time).until(expected_conditions.visibility_of_element_located(locator),message=f'не удалось найти локатор {locator}')\n           ^^^^^^^^^^^^^^^^^^^^^^^^^^^^^^^^^^^^^^^^^^^^^^^^^^^^^^^^^^^^^^^^^^^^^^^^^^^^^^^^^^^^^^^^^^^^^^^^^^^^^^^^^^^^^^^^^^^^^^^^^^^^^^^^^^^^^^^^^^^^^^^\n  File \"/Users/katemaximova/WebTest/.venv/lib/python3.11/site-packages/selenium/webdriver/support/wait.py\", line 122, in until\n    raise TimeoutException(message, screen, stacktrace)\n"}, "attachments": [{"name": "скриншот", "source": "875a2d34-7cfa-435f-ac15-df2dbb3490cb-attachment.png", "type": "image/png"}], "start": 1768486191950, "stop": 1768486207213}], "parameters": [{"name": "browser", "value": "<selenium.webdriver.chrome.webdriver.WebDriver (session=\"3e158105394714f11c779c613d0b3cc3\")>"}], "start": 1768486189502, "stop": 1768486207216}], "start": 1768486189502, "stop": 1768486207217, "uuid": "4e0f6958-8d30-46f7-a84e-91bb4965f877", "historyId": "bbfcc0c378135b19644b2719af22644d", "testCaseId": "bbfcc0c378135b19644b2719af22644d", "fullName": "tests.test_recovery#test_go_to_recovery_page_after_many_fails", "labels": [{"name": "parentSuite", "value": "tests"}, {"name": "suite", "value": "test_recovery"}, {"name": "host", "value": "MacBook-Pro-Kate.local"}, {"name": "thread", "value": "6988-MainThread"}, {"name": "framework", "value": "pytest"}, {"name": "language", "value": "cpython3"}, {"name": "package", "value": "tests.test_recovery"}], "titlePath": ["tests", "test_recovery.py"]}