{"name": "проверка перехода к восстановлению посл нескольких неудачных попыток авторизации", "status": "broken", "statusDetails": {"message": "selenium.common.exceptions.TimeoutException: Message: не удалось найти локатор ('xpath', '//span[@class=\"vkuiButton__content\" and text()=\"Восстановить\"]')\nStacktrace:\n0   chromedriver                        0x0000000100c4bdfc cxxbridge1$str$ptr + 3031016\n1   chromedriver                        0x0000000100c43cb8 cxxbridge1$str$ptr + 2997924\n2   chromedriver                        0x000000010073eb90 _RNvCsgXDX2mvAJAg_7___rustc35___rust_no_alloc_shim_is_unstable_v2 + 74192\n3   chromedriver                        0x0000000100785ab4 _RNvCsgXDX2mvAJAg_7___rustc35___rust_no_alloc_shim_is_unstable_v2 + 364788\n4   chromedriver                        0x00000001007c6a28 _RNvCsgXDX2mvAJAg_7___rustc35___rust_no_alloc_shim_is_unstable_v2 + 630888\n5   chromedriver                        0x000000010077a22c _RNvCsgXDX2mvAJAg_7___rustc35___rust_no_alloc_shim_is_unstable_v2 + 317548\n6   chromedriver                        0x0000000100c10194 cxxbridge1$str$ptr + 2786176\n7   chromedriver                        0x0000000100c13900 cxxbridge1$str$ptr + 2800364\n8   chromedriver                        0x0000000100bf042c cxxbridge1$str$ptr + 2655768\n9   chromedriver                        0x0000000100c14170 cxxbridge1$str$ptr + 2802524\n10  chromedriver                        0x0000000100be0e10 cxxbridge1$str$ptr + 2592764\n11  chromedriver                        0x0000000100c3314c cxxbridge1$str$ptr + 2929464\n12  chromedriver                        0x0000000100c332cc cxxbridge1$str$ptr + 2929848\n13  chromedriver                        0x0000000100c43910 cxxbridge1$str$ptr + 2996988\n14  libsystem_pthread.dylib             0x0000000189936f94 _pthread_start + 136\n15  libsystem_pthread.dylib             0x0000000189931d34 thread_start + 8", "trace": "browser = <selenium.webdriver.chrome.webdriver.WebDriver (session=\"89f229a23acf9633a4b88ab9b2e92e51\")>\n\n    @allure.step('Проверка восстановления пользователя')\n    @allure.title('проверка перехода к восстановлению посл нескольких неудачных попыток авторизации')\n    def test_go_to_recovery_page_after_many_fails(browser):\n        BasePage(browser).get_url(BASE_URL)\n        LoginPage = LoginPageHelper(browser)\n        LoginPage.type_login(LOGIN_TEXT)\n    \n        for i in range(3):\n            LoginPage.type_password(PASSWORD_TEXT)\n            LoginPage.click_login()\n    \n>       LoginPage.click_recovery()\n\ntests/test_recovery.py:23: \n_ _ _ _ _ _ _ _ _ _ _ _ _ _ _ _ _ _ _ _ _ _ _ _ _ _ _ _ _ _ _ _ _ _ _ _ _ _ _ _ \npages/LoginPage.py:72: in click_recovery\n    self.find_element(LoginPageLocators.RECOVER_BUTTON).click()\n    ^^^^^^^^^^^^^^^^^^^^^^^^^^^^^^^^^^^^^^^^^^^^^^^^^^^\npages/BasePage.py:11: in find_element\n    return WebDriverWait(self.driver,time).until(expected_conditions.visibility_of_element_located(locator),message=f'не удалось найти локатор {locator}')\n           ^^^^^^^^^^^^^^^^^^^^^^^^^^^^^^^^^^^^^^^^^^^^^^^^^^^^^^^^^^^^^^^^^^^^^^^^^^^^^^^^^^^^^^^^^^^^^^^^^^^^^^^^^^^^^^^^^^^^^^^^^^^^^^^^^^^^^^^^^^^^^^^\n_ _ _ _ _ _ _ _ _ _ _ _ _ _ _ _ _ _ _ _ _ _ _ _ _ _ _ _ _ _ _ _ _ _ _ _ _ _ _ _ \n\nself = <selenium.webdriver.support.wait.WebDriverWait (session=\"89f229a23acf9633a4b88ab9b2e92e51\")>\nmethod = <function visibility_of_element_located.<locals>._predicate at 0x1065a4360>\nmessage = 'не удалось найти локатор (\\'xpath\\', \\'//span[@class=\"vkuiButton__content\" and text()=\"Восстановить\"]\\')'\n\n    def until(self, method: Callable[[D], Literal[False] | T], message: str = \"\") -> T:\n        \"\"\"Wait until the method returns a value that is not False.\n    \n        Calls the method provided with the driver as an argument until the\n        return value does not evaluate to ``False``.\n    \n        Args:\n            method: A callable object that takes a WebDriver instance as an\n                argument.\n            message: Optional message for TimeoutException.\n    \n        Returns:\n            The result of the last call to `method`.\n    \n        Raises:\n            TimeoutException: If 'method' does not return a truthy value within\n                the WebDriverWait object's timeout.\n    \n        Example:\n            >>> from selenium.webdriver.common.by import By\n            >>> from selenium.webdriver.support.ui import WebDriverWait\n            >>> from selenium.webdriver.support import expected_conditions as EC\n            >>>\n            >>> # Wait until an element is visible on the page\n            >>> wait = WebDriverWait(driver, 10)\n            >>> element = wait.until(EC.visibility_of_element_located((By.ID, \"exampleId\")))\n            >>> print(element.text)\n        \"\"\"\n        screen = None\n        stacktrace = None\n    \n        end_time = time.monotonic() + self._timeout\n        while True:\n            try:\n                value = method(self._driver)\n                if value:\n                    return value\n            except self._ignored_exceptions as exc:\n                screen = getattr(exc, \"screen\", None)\n                stacktrace = getattr(exc, \"stacktrace\", None)\n            if time.monotonic() > end_time:\n                break\n            time.sleep(self._poll)\n>       raise TimeoutException(message, screen, stacktrace)\nE       selenium.common.exceptions.TimeoutException: Message: не удалось найти локатор ('xpath', '//span[@class=\"vkuiButton__content\" and text()=\"Восстановить\"]')\nE       Stacktrace:\nE       0   chromedriver                        0x0000000100c4bdfc cxxbridge1$str$ptr + 3031016\nE       1   chromedriver                        0x0000000100c43cb8 cxxbridge1$str$ptr + 2997924\nE       2   chromedriver                        0x000000010073eb90 _RNvCsgXDX2mvAJAg_7___rustc35___rust_no_alloc_shim_is_unstable_v2 + 74192\nE       3   chromedriver                        0x0000000100785ab4 _RNvCsgXDX2mvAJAg_7___rustc35___rust_no_alloc_shim_is_unstable_v2 + 364788\nE       4   chromedriver                        0x00000001007c6a28 _RNvCsgXDX2mvAJAg_7___rustc35___rust_no_alloc_shim_is_unstable_v2 + 630888\nE       5   chromedriver                        0x000000010077a22c _RNvCsgXDX2mvAJAg_7___rustc35___rust_no_alloc_shim_is_unstable_v2 + 317548\nE       6   chromedriver                        0x0000000100c10194 cxxbridge1$str$ptr + 2786176\nE       7   chromedriver                        0x0000000100c13900 cxxbridge1$str$ptr + 2800364\nE       8   chromedriver                        0x0000000100bf042c cxxbridge1$str$ptr + 2655768\nE       9   chromedriver                        0x0000000100c14170 cxxbridge1$str$ptr + 2802524\nE       10  chromedriver                        0x0000000100be0e10 cxxbridge1$str$ptr + 2592764\nE       11  chromedriver                        0x0000000100c3314c cxxbridge1$str$ptr + 2929464\nE       12  chromedriver                        0x0000000100c332cc cxxbridge1$str$ptr + 2929848\nE       13  chromedriver                        0x0000000100c43910 cxxbridge1$str$ptr + 2996988\nE       14  libsystem_pthread.dylib             0x0000000189936f94 _pthread_start + 136\nE       15  libsystem_pthread.dylib             0x0000000189931d34 thread_start + 8\n\n.venv/lib/python3.11/site-packages/selenium/webdriver/support/wait.py:122: TimeoutException"}, "steps": [{"name": "Проверка восстановления пользователя", "status": "broken", "statusDetails": {"message": "selenium.common.exceptions.TimeoutException: Message: не удалось найти локатор ('xpath', '//span[@class=\"vkuiButton__content\" and text()=\"Восстановить\"]')\nStacktrace:\n0   chromedriver                        0x0000000100c4bdfc cxxbridge1$str$ptr + 3031016\n1   chromedriver                        0x0000000100c43cb8 cxxbridge1$str$ptr + 2997924\n2   chromedriver                        0x000000010073eb90 _RNvCsgXDX2mvAJAg_7___rustc35___rust_no_alloc_shim_is_unstable_v2 + 74192\n3   chromedriver                        0x0000000100785ab4 _RNvCsgXDX2mvAJAg_7___rustc35___rust_no_alloc_shim_is_unstable_v2 + 364788\n4   chromedriver                        0x00000001007c6a28 _RNvCsgXDX2mvAJAg_7___rustc35___rust_no_alloc_shim_is_unstable_v2 + 630888\n5   chromedriver                        0x000000010077a22c _RNvCsgXDX2mvAJAg_7___rustc35___rust_no_alloc_shim_is_unstable_v2 + 317548\n6   chromedriver                        0x0000000100c10194 cxxbridge1$str$ptr + 2786176\n7   chromedriver                        0x0000000100c13900 cxxbridge1$str$ptr + 2800364\n8   chromedriver                        0x0000000100bf042c cxxbridge1$str$ptr + 2655768\n9   chromedriver                        0x0000000100c14170 cxxbridge1$str$ptr + 2802524\n10  chromedriver                        0x0000000100be0e10 cxxbridge1$str$ptr + 2592764\n11  chromedriver                        0x0000000100c3314c cxxbridge1$str$ptr + 2929464\n12  chromedriver                        0x0000000100c332cc cxxbridge1$str$ptr + 2929848\n13  chromedriver                        0x0000000100c43910 cxxbridge1$str$ptr + 2996988\n14  libsystem_pthread.dylib             0x0000000189936f94 _pthread_start + 136\n15  libsystem_pthread.dylib             0x0000000189931d34 thread_start + 8\n\n", "trace": "  File \"/Users/katemaximova/WebTest/.venv/lib/python3.11/site-packages/allure_commons/_allure.py\", line 202, in impl\n    return func(*a, **kw)\n           ^^^^^^^^^^^^^^\n  File \"/Users/katemaximova/WebTest/tests/test_recovery.py\", line 23, in test_go_to_recovery_page_after_many_fails\n    LoginPage.click_recovery()\n  File \"/Users/katemaximova/WebTest/.venv/lib/python3.11/site-packages/allure_commons/_allure.py\", line 202, in impl\n    return func(*a, **kw)\n           ^^^^^^^^^^^^^^\n  File \"/Users/katemaximova/WebTest/pages/LoginPage.py\", line 72, in click_recovery\n    self.find_element(LoginPageLocators.RECOVER_BUTTON).click()\n    ^^^^^^^^^^^^^^^^^^^^^^^^^^^^^^^^^^^^^^^^^^^^^^^^^^^\n  File \"/Users/katemaximova/WebTest/pages/BasePage.py\", line 11, in find_element\n    return WebDriverWait(self.driver,time).until(expected_conditions.visibility_of_element_located(locator),message=f'не удалось найти локатор {locator}')\n           ^^^^^^^^^^^^^^^^^^^^^^^^^^^^^^^^^^^^^^^^^^^^^^^^^^^^^^^^^^^^^^^^^^^^^^^^^^^^^^^^^^^^^^^^^^^^^^^^^^^^^^^^^^^^^^^^^^^^^^^^^^^^^^^^^^^^^^^^^^^^^^^\n  File \"/Users/katemaximova/WebTest/.venv/lib/python3.11/site-packages/selenium/webdriver/support/wait.py\", line 122, in until\n    raise TimeoutException(message, screen, stacktrace)\n"}, "steps": [{"name": "Открываем страницу", "status": "passed", "parameters": [{"name": "url", "value": "'https://ok.ru/'"}], "start": 1768484879407, "stop": 1768484880293}, {"name": "Заполняем поле логин", "status": "passed", "attachments": [{"name": "скриншот", "source": "bcda4ca8-9131-4b0d-aa1f-37b8ed9ffb15-attachment.png", "type": "image/png"}], "parameters": [{"name": "login", "value": "'email'"}], "start": 1768484880374, "stop": 1768484880660}, {"name": "Заполняем поле пароля", "status": "passed", "attachments": [{"name": "скриншот", "source": "81ec5264-6883-465a-b32d-2702dc6fe0bb-attachment.png", "type": "image/png"}], "parameters": [{"name": "password", "value": "'1'"}], "start": 1768484880660, "stop": 1768484880755}, {"name": "Нажимаем на кнопку \"Войти\"", "status": "passed", "attachments": [{"name": "скриншот", "source": "f081cb14-82d1-436e-9cc3-243652cf72e0-attachment.png", "type": "image/png"}], "start": 1768484880755, "stop": 1768484880873}, {"name": "Заполняем поле пароля", "status": "passed", "attachments": [{"name": "скриншот", "source": "c8b01a58-6afa-4451-8d01-1dbcc4f541c9-attachment.png", "type": "image/png"}], "parameters": [{"name": "password", "value": "'1'"}], "start": 1768484880873, "stop": 1768484881002}, {"name": "Нажимаем на кнопку \"Войти\"", "status": "passed", "attachments": [{"name": "скриншот", "source": "f80c9b31-5f9a-43d4-a6ef-5c3e81b63318-attachment.png", "type": "image/png"}], "start": 1768484881002, "stop": 1768484881127}, {"name": "Заполняем поле пароля", "status": "passed", "attachments": [{"name": "скриншот", "source": "4a28c073-5fc4-4478-abb0-58de983f84d1-attachment.png", "type": "image/png"}], "parameters": [{"name": "password", "value": "'1'"}], "start": 1768484881127, "stop": 1768484881239}, {"name": "Нажимаем на кнопку \"Войти\"", "status": "passed", "attachments": [{"name": "скриншот", "source": "88812f41-6030-462e-a4bf-4b8e68896755-attachment.png", "type": "image/png"}], "start": 1768484881239, "stop": 1768484881365}, {"name": "Переходим к восстановлению", "status": "broken", "statusDetails": {"message": "selenium.common.exceptions.TimeoutException: Message: не удалось найти локатор ('xpath', '//span[@class=\"vkuiButton__content\" and text()=\"Восстановить\"]')\nStacktrace:\n0   chromedriver                        0x0000000100c4bdfc cxxbridge1$str$ptr + 3031016\n1   chromedriver                        0x0000000100c43cb8 cxxbridge1$str$ptr + 2997924\n2   chromedriver                        0x000000010073eb90 _RNvCsgXDX2mvAJAg_7___rustc35___rust_no_alloc_shim_is_unstable_v2 + 74192\n3   chromedriver                        0x0000000100785ab4 _RNvCsgXDX2mvAJAg_7___rustc35___rust_no_alloc_shim_is_unstable_v2 + 364788\n4   chromedriver                        0x00000001007c6a28 _RNvCsgXDX2mvAJAg_7___rustc35___rust_no_alloc_shim_is_unstable_v2 + 630888\n5   chromedriver                        0x000000010077a22c _RNvCsgXDX2mvAJAg_7___rustc35___rust_no_alloc_shim_is_unstable_v2 + 317548\n6   chromedriver                        0x0000000100c10194 cxxbridge1$str$ptr + 2786176\n7   chromedriver                        0x0000000100c13900 cxxbridge1$str$ptr + 2800364\n8   chromedriver                        0x0000000100bf042c cxxbridge1$str$ptr + 2655768\n9   chromedriver                        0x0000000100c14170 cxxbridge1$str$ptr + 2802524\n10  chromedriver                        0x0000000100be0e10 cxxbridge1$str$ptr + 2592764\n11  chromedriver                        0x0000000100c3314c cxxbridge1$str$ptr + 2929464\n12  chromedriver                        0x0000000100c332cc cxxbridge1$str$ptr + 2929848\n13  chromedriver                        0x0000000100c43910 cxxbridge1$str$ptr + 2996988\n14  libsystem_pthread.dylib             0x0000000189936f94 _pthread_start + 136\n15  libsystem_pthread.dylib             0x0000000189931d34 thread_start + 8\n\n", "trace": "  File \"/Users/katemaximova/WebTest/.venv/lib/python3.11/site-packages/allure_commons/_allure.py\", line 202, in impl\n    return func(*a, **kw)\n           ^^^^^^^^^^^^^^\n  File \"/Users/katemaximova/WebTest/pages/LoginPage.py\", line 72, in click_recovery\n    self.find_element(LoginPageLocators.RECOVER_BUTTON).click()\n    ^^^^^^^^^^^^^^^^^^^^^^^^^^^^^^^^^^^^^^^^^^^^^^^^^^^\n  File \"/Users/katemaximova/WebTest/pages/BasePage.py\", line 11, in find_element\n    return WebDriverWait(self.driver,time).until(expected_conditions.visibility_of_element_located(locator),message=f'не удалось найти локатор {locator}')\n           ^^^^^^^^^^^^^^^^^^^^^^^^^^^^^^^^^^^^^^^^^^^^^^^^^^^^^^^^^^^^^^^^^^^^^^^^^^^^^^^^^^^^^^^^^^^^^^^^^^^^^^^^^^^^^^^^^^^^^^^^^^^^^^^^^^^^^^^^^^^^^^^\n  File \"/Users/katemaximova/WebTest/.venv/lib/python3.11/site-packages/selenium/webdriver/support/wait.py\", line 122, in until\n    raise TimeoutException(message, screen, stacktrace)\n"}, "attachments": [{"name": "скриншот", "source": "8cfc9dcc-7e08-46aa-b643-60ed24fe8fda-attachment.png", "type": "image/png"}], "start": 1768484881365, "stop": 1768484896650}], "parameters": [{"name": "browser", "value": "<selenium.webdriver.chrome.webdriver.WebDriver (session=\"89f229a23acf9633a4b88ab9b2e92e51\")>"}], "start": 1768484879407, "stop": 1768484896652}], "start": 1768484879407, "stop": 1768484896652, "uuid": "408e035b-0e05-49a9-adb6-c6e44c2958c9", "historyId": "bbfcc0c378135b19644b2719af22644d", "testCaseId": "bbfcc0c378135b19644b2719af22644d", "fullName": "tests.test_recovery#test_go_to_recovery_page_after_many_fails", "labels": [{"name": "parentSuite", "value": "tests"}, {"name": "suite", "value": "test_recovery"}, {"name": "host", "value": "MacBook-Pro-Kate.local"}, {"name": "thread", "value": "6570-MainThread"}, {"name": "framework", "value": "pytest"}, {"name": "language", "value": "cpython3"}, {"name": "package", "value": "tests.test_recovery"}], "titlePath": ["tests", "test_recovery.py"]}