{"name": "Проверка ошибки при пустой форме авторизации", "status": "broken", "statusDetails": {"message": "selenium.common.exceptions.TimeoutException: Message: не удалось найти локатор ('xpath', '//span[@class=\"vkuiButton__content\" and text()=\"Восстановить\"]')\nStacktrace:\n0   chromedriver                        0x0000000105397dfc cxxbridge1$str$ptr + 3031016\n1   chromedriver                        0x000000010538fcb8 cxxbridge1$str$ptr + 2997924\n2   chromedriver                        0x0000000104e8ab90 _RNvCsgXDX2mvAJAg_7___rustc35___rust_no_alloc_shim_is_unstable_v2 + 74192\n3   chromedriver                        0x0000000104ed1ab4 _RNvCsgXDX2mvAJAg_7___rustc35___rust_no_alloc_shim_is_unstable_v2 + 364788\n4   chromedriver                        0x0000000104f12a28 _RNvCsgXDX2mvAJAg_7___rustc35___rust_no_alloc_shim_is_unstable_v2 + 630888\n5   chromedriver                        0x0000000104ec622c _RNvCsgXDX2mvAJAg_7___rustc35___rust_no_alloc_shim_is_unstable_v2 + 317548\n6   chromedriver                        0x000000010535c194 cxxbridge1$str$ptr + 2786176\n7   chromedriver                        0x000000010535f900 cxxbridge1$str$ptr + 2800364\n8   chromedriver                        0x000000010533c42c cxxbridge1$str$ptr + 2655768\n9   chromedriver                        0x0000000105360170 cxxbridge1$str$ptr + 2802524\n10  chromedriver                        0x000000010532ce10 cxxbridge1$str$ptr + 2592764\n11  chromedriver                        0x000000010537f14c cxxbridge1$str$ptr + 2929464\n12  chromedriver                        0x000000010537f2cc cxxbridge1$str$ptr + 2929848\n13  chromedriver                        0x000000010538f910 cxxbridge1$str$ptr + 2996988\n14  libsystem_pthread.dylib             0x0000000194f2af94 _pthread_start + 136\n15  libsystem_pthread.dylib             0x0000000194f25d34 thread_start + 8", "trace": "browser = <selenium.webdriver.chrome.webdriver.WebDriver (session=\"87cea78f2900c307e5900a728f6ad263\")>\n\n    @allure.suite('Проверка формы авторизации')\n    @allure.title('Проверка ошибки при пустой форме авторизации')\n    def test_empty_login_and_password(browser):\n        BasePage(browser).get_url(BASE_URL)\n>       LoginPage = LoginPageHelper(browser)\n                    ^^^^^^^^^^^^^^^^^^^^^^^^\n\ntests/test_login.py:16: \n_ _ _ _ _ _ _ _ _ _ _ _ _ _ _ _ _ _ _ _ _ _ _ _ _ _ _ _ _ _ _ _ _ _ _ _ _ _ _ _ _ _ _ _ _ _ _ _ _ _ _ _ _ _ _ _ _ _ _ _ _ _ _ _ _ _ _ _ _ _ _ _ _ _ _ _ _ _ _ _ _ _ _ _ _ _ _ _ \npages/LoginPage.py:28: in __init__\n    self.check_page()\npages/LoginPage.py:41: in check_page\n    self.find_element(LoginPageLocators.RECOVER_BUTTON)\npages/BasePage.py:10: in find_element\n    return WebDriverWait(self.driver,time).until(expected_conditions.visibility_of_element_located(locator),message=f'не удалось найти локатор {locator}')\n           ^^^^^^^^^^^^^^^^^^^^^^^^^^^^^^^^^^^^^^^^^^^^^^^^^^^^^^^^^^^^^^^^^^^^^^^^^^^^^^^^^^^^^^^^^^^^^^^^^^^^^^^^^^^^^^^^^^^^^^^^^^^^^^^^^^^^^^^^^^^^^^^\n_ _ _ _ _ _ _ _ _ _ _ _ _ _ _ _ _ _ _ _ _ _ _ _ _ _ _ _ _ _ _ _ _ _ _ _ _ _ _ _ _ _ _ _ _ _ _ _ _ _ _ _ _ _ _ _ _ _ _ _ _ _ _ _ _ _ _ _ _ _ _ _ _ _ _ _ _ _ _ _ _ _ _ _ _ _ _ _ \n\nself = <selenium.webdriver.support.wait.WebDriverWait (session=\"87cea78f2900c307e5900a728f6ad263\")>\nmethod = <function visibility_of_element_located.<locals>._predicate at 0x1028e9760>\nmessage = 'не удалось найти локатор (\\'xpath\\', \\'//span[@class=\"vkuiButton__content\" and text()=\"Восстановить\"]\\')'\n\n    def until(self, method: Callable[[D], Literal[False] | T], message: str = \"\") -> T:\n        \"\"\"Wait until the method returns a value that is not False.\n    \n        Calls the method provided with the driver as an argument until the\n        return value does not evaluate to ``False``.\n    \n        Args:\n            method: A callable object that takes a WebDriver instance as an\n                argument.\n            message: Optional message for TimeoutException.\n    \n        Returns:\n            The result of the last call to `method`.\n    \n        Raises:\n            TimeoutException: If 'method' does not return a truthy value within\n                the WebDriverWait object's timeout.\n    \n        Example:\n            >>> from selenium.webdriver.common.by import By\n            >>> from selenium.webdriver.support.ui import WebDriverWait\n            >>> from selenium.webdriver.support import expected_conditions as EC\n            >>>\n            >>> # Wait until an element is visible on the page\n            >>> wait = WebDriverWait(driver, 10)\n            >>> element = wait.until(EC.visibility_of_element_located((By.ID, \"exampleId\")))\n            >>> print(element.text)\n        \"\"\"\n        screen = None\n        stacktrace = None\n    \n        end_time = time.monotonic() + self._timeout\n        while True:\n            try:\n                value = method(self._driver)\n                if value:\n                    return value\n            except self._ignored_exceptions as exc:\n                screen = getattr(exc, \"screen\", None)\n                stacktrace = getattr(exc, \"stacktrace\", None)\n            if time.monotonic() > end_time:\n                break\n            time.sleep(self._poll)\n>       raise TimeoutException(message, screen, stacktrace)\nE       selenium.common.exceptions.TimeoutException: Message: не удалось найти локатор ('xpath', '//span[@class=\"vkuiButton__content\" and text()=\"Восстановить\"]')\nE       Stacktrace:\nE       0   chromedriver                        0x0000000105397dfc cxxbridge1$str$ptr + 3031016\nE       1   chromedriver                        0x000000010538fcb8 cxxbridge1$str$ptr + 2997924\nE       2   chromedriver                        0x0000000104e8ab90 _RNvCsgXDX2mvAJAg_7___rustc35___rust_no_alloc_shim_is_unstable_v2 + 74192\nE       3   chromedriver                        0x0000000104ed1ab4 _RNvCsgXDX2mvAJAg_7___rustc35___rust_no_alloc_shim_is_unstable_v2 + 364788\nE       4   chromedriver                        0x0000000104f12a28 _RNvCsgXDX2mvAJAg_7___rustc35___rust_no_alloc_shim_is_unstable_v2 + 630888\nE       5   chromedriver                        0x0000000104ec622c _RNvCsgXDX2mvAJAg_7___rustc35___rust_no_alloc_shim_is_unstable_v2 + 317548\nE       6   chromedriver                        0x000000010535c194 cxxbridge1$str$ptr + 2786176\nE       7   chromedriver                        0x000000010535f900 cxxbridge1$str$ptr + 2800364\nE       8   chromedriver                        0x000000010533c42c cxxbridge1$str$ptr + 2655768\nE       9   chromedriver                        0x0000000105360170 cxxbridge1$str$ptr + 2802524\nE       10  chromedriver                        0x000000010532ce10 cxxbridge1$str$ptr + 2592764\nE       11  chromedriver                        0x000000010537f14c cxxbridge1$str$ptr + 2929464\nE       12  chromedriver                        0x000000010537f2cc cxxbridge1$str$ptr + 2929848\nE       13  chromedriver                        0x000000010538f910 cxxbridge1$str$ptr + 2996988\nE       14  libsystem_pthread.dylib             0x0000000194f2af94 _pthread_start + 136\nE       15  libsystem_pthread.dylib             0x0000000194f25d34 thread_start + 8\n\n.venv/lib/python3.11/site-packages/selenium/webdriver/support/wait.py:122: TimeoutException"}, "steps": [{"name": "Открываем страницу", "status": "passed", "parameters": [{"name": "url", "value": "'https://ok.ru/'"}], "start": 1768399544890, "stop": 1768399546513}], "start": 1768399544890, "stop": 1768399551795, "uuid": "5058eec8-899e-477f-9a4e-aae58dc86ddb", "historyId": "39a7e0ca95e29d01ce7056756667dd82", "testCaseId": "39a7e0ca95e29d01ce7056756667dd82", "fullName": "tests.test_login#test_empty_login_and_password", "labels": [{"name": "suite", "value": "Проверка формы авторизации"}, {"name": "parentSuite", "value": "tests"}, {"name": "host", "value": "MacBook-Pro-Kate.local"}, {"name": "thread", "value": "12755-MainThread"}, {"name": "framework", "value": "pytest"}, {"name": "language", "value": "cpython3"}, {"name": "package", "value": "tests.test_login"}], "titlePath": ["tests", "test_login.py"]}