{"name": "Проверка ошибки при пустом поле пароля", "status": "broken", "statusDetails": {"message": "selenium.common.exceptions.TimeoutException: Message: не удалось найти локатор ('xpath', '//span[@class=\"vkuiButton__content\" and text()=\"Восстановить\"]')\nStacktrace:\n0   chromedriver                        0x0000000102f97dfc cxxbridge1$str$ptr + 3031016\n1   chromedriver                        0x0000000102f8fcb8 cxxbridge1$str$ptr + 2997924\n2   chromedriver                        0x0000000102a8ab90 _RNvCsgXDX2mvAJAg_7___rustc35___rust_no_alloc_shim_is_unstable_v2 + 74192\n3   chromedriver                        0x0000000102ad1ab4 _RNvCsgXDX2mvAJAg_7___rustc35___rust_no_alloc_shim_is_unstable_v2 + 364788\n4   chromedriver                        0x0000000102b12a28 _RNvCsgXDX2mvAJAg_7___rustc35___rust_no_alloc_shim_is_unstable_v2 + 630888\n5   chromedriver                        0x0000000102ac622c _RNvCsgXDX2mvAJAg_7___rustc35___rust_no_alloc_shim_is_unstable_v2 + 317548\n6   chromedriver                        0x0000000102f5c194 cxxbridge1$str$ptr + 2786176\n7   chromedriver                        0x0000000102f5f900 cxxbridge1$str$ptr + 2800364\n8   chromedriver                        0x0000000102f3c42c cxxbridge1$str$ptr + 2655768\n9   chromedriver                        0x0000000102f60170 cxxbridge1$str$ptr + 2802524\n10  chromedriver                        0x0000000102f2ce10 cxxbridge1$str$ptr + 2592764\n11  chromedriver                        0x0000000102f7f14c cxxbridge1$str$ptr + 2929464\n12  chromedriver                        0x0000000102f7f2cc cxxbridge1$str$ptr + 2929848\n13  chromedriver                        0x0000000102f8f910 cxxbridge1$str$ptr + 2996988\n14  libsystem_pthread.dylib             0x0000000194f2af94 _pthread_start + 136\n15  libsystem_pthread.dylib             0x0000000194f25d34 thread_start + 8", "trace": "browser = <selenium.webdriver.chrome.webdriver.WebDriver (session=\"1200ea09f1e72e5a122e6d1c73b17d96\")>\n\n    @allure.title('Проверка ошибки при пустом поле пароля')\n    def test_login_without_password(browser):\n        BasePage(browser).get_url(BASE_URL)\n>       LoginPage = LoginPageHelper(browser)\n                    ^^^^^^^^^^^^^^^^^^^^^^^^\n\ntests/test_login.py:23: \n_ _ _ _ _ _ _ _ _ _ _ _ _ _ _ _ _ _ _ _ _ _ _ _ _ _ _ _ _ _ _ _ _ _ _ _ _ _ _ _ _ _ _ _ _ _ _ _ _ _ _ _ _ _ _ _ _ _ _ _ _ _ _ _ _ _ _ _ _ _ _ _ _ _ _ _ _ _ _ _ _ _ _ _ _ _ _ _ \npages/LoginPage.py:28: in __init__\n    self.check_page()\npages/LoginPage.py:41: in check_page\n    self.find_element(LoginPageLocators.RECOVER_BUTTON)\npages/BasePage.py:10: in find_element\n    return WebDriverWait(self.driver,time).until(expected_conditions.visibility_of_element_located(locator),message=f'не удалось найти локатор {locator}')\n           ^^^^^^^^^^^^^^^^^^^^^^^^^^^^^^^^^^^^^^^^^^^^^^^^^^^^^^^^^^^^^^^^^^^^^^^^^^^^^^^^^^^^^^^^^^^^^^^^^^^^^^^^^^^^^^^^^^^^^^^^^^^^^^^^^^^^^^^^^^^^^^^\n_ _ _ _ _ _ _ _ _ _ _ _ _ _ _ _ _ _ _ _ _ _ _ _ _ _ _ _ _ _ _ _ _ _ _ _ _ _ _ _ _ _ _ _ _ _ _ _ _ _ _ _ _ _ _ _ _ _ _ _ _ _ _ _ _ _ _ _ _ _ _ _ _ _ _ _ _ _ _ _ _ _ _ _ _ _ _ _ \n\nself = <selenium.webdriver.support.wait.WebDriverWait (session=\"1200ea09f1e72e5a122e6d1c73b17d96\")>\nmethod = <function visibility_of_element_located.<locals>._predicate at 0x1044ec7c0>\nmessage = 'не удалось найти локатор (\\'xpath\\', \\'//span[@class=\"vkuiButton__content\" and text()=\"Восстановить\"]\\')'\n\n    def until(self, method: Callable[[D], Literal[False] | T], message: str = \"\") -> T:\n        \"\"\"Wait until the method returns a value that is not False.\n    \n        Calls the method provided with the driver as an argument until the\n        return value does not evaluate to ``False``.\n    \n        Args:\n            method: A callable object that takes a WebDriver instance as an\n                argument.\n            message: Optional message for TimeoutException.\n    \n        Returns:\n            The result of the last call to `method`.\n    \n        Raises:\n            TimeoutException: If 'method' does not return a truthy value within\n                the WebDriverWait object's timeout.\n    \n        Example:\n            >>> from selenium.webdriver.common.by import By\n            >>> from selenium.webdriver.support.ui import WebDriverWait\n            >>> from selenium.webdriver.support import expected_conditions as EC\n            >>>\n            >>> # Wait until an element is visible on the page\n            >>> wait = WebDriverWait(driver, 10)\n            >>> element = wait.until(EC.visibility_of_element_located((By.ID, \"exampleId\")))\n            >>> print(element.text)\n        \"\"\"\n        screen = None\n        stacktrace = None\n    \n        end_time = time.monotonic() + self._timeout\n        while True:\n            try:\n                value = method(self._driver)\n                if value:\n                    return value\n            except self._ignored_exceptions as exc:\n                screen = getattr(exc, \"screen\", None)\n                stacktrace = getattr(exc, \"stacktrace\", None)\n            if time.monotonic() > end_time:\n                break\n            time.sleep(self._poll)\n>       raise TimeoutException(message, screen, stacktrace)\nE       selenium.common.exceptions.TimeoutException: Message: не удалось найти локатор ('xpath', '//span[@class=\"vkuiButton__content\" and text()=\"Восстановить\"]')\nE       Stacktrace:\nE       0   chromedriver                        0x0000000102f97dfc cxxbridge1$str$ptr + 3031016\nE       1   chromedriver                        0x0000000102f8fcb8 cxxbridge1$str$ptr + 2997924\nE       2   chromedriver                        0x0000000102a8ab90 _RNvCsgXDX2mvAJAg_7___rustc35___rust_no_alloc_shim_is_unstable_v2 + 74192\nE       3   chromedriver                        0x0000000102ad1ab4 _RNvCsgXDX2mvAJAg_7___rustc35___rust_no_alloc_shim_is_unstable_v2 + 364788\nE       4   chromedriver                        0x0000000102b12a28 _RNvCsgXDX2mvAJAg_7___rustc35___rust_no_alloc_shim_is_unstable_v2 + 630888\nE       5   chromedriver                        0x0000000102ac622c _RNvCsgXDX2mvAJAg_7___rustc35___rust_no_alloc_shim_is_unstable_v2 + 317548\nE       6   chromedriver                        0x0000000102f5c194 cxxbridge1$str$ptr + 2786176\nE       7   chromedriver                        0x0000000102f5f900 cxxbridge1$str$ptr + 2800364\nE       8   chromedriver                        0x0000000102f3c42c cxxbridge1$str$ptr + 2655768\nE       9   chromedriver                        0x0000000102f60170 cxxbridge1$str$ptr + 2802524\nE       10  chromedriver                        0x0000000102f2ce10 cxxbridge1$str$ptr + 2592764\nE       11  chromedriver                        0x0000000102f7f14c cxxbridge1$str$ptr + 2929464\nE       12  chromedriver                        0x0000000102f7f2cc cxxbridge1$str$ptr + 2929848\nE       13  chromedriver                        0x0000000102f8f910 cxxbridge1$str$ptr + 2996988\nE       14  libsystem_pthread.dylib             0x0000000194f2af94 _pthread_start + 136\nE       15  libsystem_pthread.dylib             0x0000000194f25d34 thread_start + 8\n\n.venv/lib/python3.11/site-packages/selenium/webdriver/support/wait.py:122: TimeoutException"}, "steps": [{"name": "Открываем страницу", "status": "passed", "parameters": [{"name": "url", "value": "'https://ok.ru/'"}], "start": 1768398651947, "stop": 1768398653310}], "start": 1768398651947, "stop": 1768398658547, "uuid": "41c9d924-16d9-4af9-adb3-1d7d91f4cbff", "historyId": "da7d3db9631b60d00b5a845e26ab5f1a", "testCaseId": "da7d3db9631b60d00b5a845e26ab5f1a", "fullName": "tests.test_login#test_login_without_password", "labels": [{"name": "parentSuite", "value": "tests"}, {"name": "suite", "value": "test_login"}, {"name": "host", "value": "MacBook-Pro-Kate.local"}, {"name": "thread", "value": "11568-MainThread"}, {"name": "framework", "value": "pytest"}, {"name": "language", "value": "cpython3"}, {"name": "package", "value": "tests.test_login"}], "titlePath": ["tests", "test_login.py"]}